<?xml version="1.0" encoding="UTF-8"?>
<!-- Generated by org.testng.reporters.JUnitReportReporter -->
<testsuite hostname="mhussen-PC" failures="0" tests="1" name="com.herokuapp.theinternet.PostiveTest" time="15.184" errors="0" timestamp="2021-01-02T12:11:03 EST" skipped="0">
  <testcase classname="com.herokuapp.theinternet.PostiveTest" name="loginTest" time="15.184"/>
  <system-out/>
</testsuite> <!-- com.herokuapp.theinternet.PostiveTest -->
