<?xml version="1.0" encoding="UTF-8"?>
<!-- Generated by org.testng.reporters.JUnitReportReporter -->
<testsuite hostname="mhussen-PC" failures="0" tests="1" name="com.timeanddate.DateCalculatorTest" time="20.119" errors="0" timestamp="2021-01-02T21:09:57 EST" skipped="0">
  <testcase classname="com.timeanddate.DateCalculatorTest" name="subtractDates" time="20.119"/>
  <system-out/>
</testsuite> <!-- com.timeanddate.DateCalculatorTest -->
