<?xml version="1.0" encoding="UTF-8"?>
<!-- Generated by org.testng.reporters.JUnitReportReporter -->
<testsuite hostname="mhussen-PC" failures="0" tests="2" name="com.timeanddate.DateCalculatorTests" time="30.744" errors="0" timestamp="2021-01-16T20:09:45 EST" skipped="0">
  <testcase classname="com.timeanddate.DateCalculatorTests" name="subtractDates" time="21.632"/>
  <system-out/>
  <testcase classname="com.timeanddate.DateCalculatorTests" name="largeyearTest" time="9.112"/>
  <system-out/>
</testsuite> <!-- com.timeanddate.DateCalculatorTests -->
