<?xml version="1.0" encoding="UTF-8"?>
<!-- Generated by org.testng.reporters.JUnitReportReporter -->
<testsuite hostname="mhussen-PC" failures="0" tests="1" name="com.timeanddate.DateCalculatorTest" time="9.791" errors="0" timestamp="2020-12-03T17:59:36 EST" skipped="0">
  <testcase classname="com.timeanddate.DateCalculatorTest" name="subtractDates" time="9.791"/>
  <system-out/>
</testsuite> <!-- com.timeanddate.DateCalculatorTest -->
